#
# There is insufficient memory for the Java Runtime Environment to continue.
# Native memory allocation (mmap) failed to map 67108864 bytes for G1 virtual space
# Possible reasons:
#   The system is out of physical RAM or swap space
#   The process is running with CompressedOops enabled, and the Java Heap may be blocking the growth of the native heap
# Possible solutions:
#   Reduce memory load on the system
#   Increase physical memory or swap space
#   Check if swap backing store is full
#   Decrease Java heap size (-Xmx/-Xms)
#   Decrease number of Java threads
#   Decrease Java thread stack sizes (-Xss)
#   Set larger code cache with -XX:ReservedCodeCacheSize=
#   JVM is running with Unscaled Compressed Oops mode in which the Java heap is
#     placed in the first 4GB address space. The Java Heap base address is the
#     maximum limit for the native heap growth. Please use -XX:HeapBaseMinAddress
#     to set the Java Heap base and to place the Java Heap above 4GB virtual address.
# This output file may be truncated or incomplete.
#
#  Out of Memory Error (os_windows.cpp:3528), pid=5308, tid=8168
#
# JRE version:  (20.0.2+9) (build )
# Java VM: Java HotSpot(TM) 64-Bit Server VM (20.0.2+9-78, mixed mode, sharing, tiered, compressed oops, compressed class ptrs, g1 gc, windows-amd64)
# No core dump will be written. Minidumps are not enabled by default on client versions of Windows
#

---------------  S U M M A R Y ------------

Command Line: peaches.pelioficial.Pelioficial

Host: Intel(R) Core(TM) i5-3470 CPU @ 3.20GHz, 4 cores, 3G,  Windows 10 , 64 bit Build 19041 (10.0.19041.3031)
Time: Wed Nov 15 19:50:17 2023 Hora est. Pacífico, Sudamérica elapsed time: 0.015976 seconds (0d 0h 0m 0s)

---------------  T H R E A D  ---------------

Current thread (0x0000019982eaedf0):  JavaThread "Unknown thread" [_thread_in_vm, id=8168, stack(0x0000007027200000,0x0000007027300000)]

Stack: [0x0000007027200000,0x0000007027300000]
Native frames: (J=compiled Java code, j=interpreted, Vv=VM code, C=native code)
V  [jvm.dll+0x6bc25a]
V  [jvm.dll+0x84971a]
V  [jvm.dll+0x84b315]
V  [jvm.dll+0x84ba13]
V  [jvm.dll+0x280e4f]
V  [jvm.dll+0x6b8fe9]
V  [jvm.dll+0x6adbca]
V  [jvm.dll+0x35b165]
V  [jvm.dll+0x363386]
V  [jvm.dll+0x3b400e]
V  [jvm.dll+0x3b4295]
V  [jvm.dll+0x32b86a]
V  [jvm.dll+0x32c68b]
V  [jvm.dll+0x8123df]
V  [jvm.dll+0x3c1261]
V  [jvm.dll+0x7fe103]
V  [jvm.dll+0x44ccaf]
V  [jvm.dll+0x44e621]
C  [jli.dll+0x5287]
C  [ucrtbase.dll+0x21bb2]
C  [KERNEL32.DLL+0x17614]
C  [ntdll.dll+0x526f1]


---------------  P R O C E S S  ---------------

Threads class SMR info:
_java_thread_list=0x00007ff91bbbb118, length=0, elements={
}

Java Threads: ( => current thread )

Other Threads:
  0x0000019982ef11d0 WorkerThread "GC Thread#0" [stack: 0x0000007027300000,0x0000007027400000] [id=972]
  0x0000019982ef9f40 ConcurrentGCThread "G1 Main Marker" [stack: 0x0000007027400000,0x0000007027500000] [id=10924]
  0x0000019982efb110 WorkerThread "G1 Conc#0" [stack: 0x0000007027500000,0x0000007027600000] [id=7880]

[error occurred during error reporting (printing all threads), id 0xc0000005, EXCEPTION_ACCESS_VIOLATION (0xc0000005) at pc=0x00007ff91b39eea7]
VM state: not at safepoint (not fully initialized)

VM Mutex/Monitor currently owned by a thread:  ([mutex/lock_event])
[0x0000019982eaa0d0] Heap_lock - owner thread: 0x0000019982eaedf0

Heap address: 0x00000000c1a00000, size: 998 MB, Compressed Oops mode: 32-bit

CDS archive(s) mapped at: [0x0000000000000000-0x0000000000000000-0x0000000000000000), size 0, SharedBaseAddress: 0x0000000800000000, ArchiveRelocationMode: 1.
Narrow klass base: 0x0000000000000000, Narrow klass shift: 0, Narrow klass range: 0x0

GC Precious Log:
 CardTable entry size: 512
 Card Set container configuration: InlinePtr #cards 5 size 8 Array Of Cards #cards 12 size 40 Howl #buckets 4 coarsen threshold 1843 Howl Bitmap #cards 512 size 80 coarsen threshold 460 Card regions per heap region 1 cards per card region 2048

Heap:
 garbage-first heap   total 0K, used 0K [0x00000000c1a00000, 0x0000000100000000)
  region size 1024K, 0 young (0K), 0 survivors (0K)

[error occurred during error reporting (printing heap information), id 0xc0000005, EXCEPTION_ACCESS_VIOLATION (0xc0000005) at pc=0x00007ff91b7747b9]
GC Heap History (0 events):
No events

Dll operation events (1 events):
Event: 0.005 Loaded shared library C:\Program Files\Java\jdk-20\bin\java.dll

Deoptimization events (0 events):
No events

Classes loaded (0 events):
No events

Classes unloaded (0 events):
No events

Classes redefined (0 events):
No events

Internal exceptions (0 events):
No events

VM Operations (0 events):
No events

Events (0 events):
No events


Dynamic libraries:
0x00007ff657870000 - 0x00007ff657880000 	C:\Program Files\Java\jdk-20\bin\java.exe
0x00007ff953db0000 - 0x00007ff953fa8000 	C:\Windows\SYSTEM32\ntdll.dll
0x00007ff952970000 - 0x00007ff952a2f000 	C:\Windows\System32\KERNEL32.DLL
0x00007ff951780000 - 0x00007ff951a76000 	C:\Windows\System32\KERNELBASE.dll
0x00007ff951490000 - 0x00007ff951590000 	C:\Windows\System32\ucrtbase.dll
0x00007ff948e30000 - 0x00007ff948e4b000 	C:\Program Files\Java\jdk-20\bin\VCRUNTIME140.dll
0x00007ff948250000 - 0x00007ff948269000 	C:\Program Files\Java\jdk-20\bin\jli.dll
0x00007ff952680000 - 0x00007ff95272f000 	C:\Windows\System32\ADVAPI32.dll
0x00007ff952730000 - 0x00007ff9527ce000 	C:\Windows\System32\msvcrt.dll
0x00007ff953cd0000 - 0x00007ff953d6c000 	C:\Windows\System32\sechost.dll
0x00007ff952c20000 - 0x00007ff952d46000 	C:\Windows\System32\RPCRT4.dll
0x00007ff953b30000 - 0x00007ff953ccd000 	C:\Windows\System32\USER32.dll
0x00007ff951d10000 - 0x00007ff951d32000 	C:\Windows\System32\win32u.dll
0x00007ff951e70000 - 0x00007ff951e9c000 	C:\Windows\System32\GDI32.dll
0x00007ff951a80000 - 0x00007ff951b95000 	C:\Windows\System32\gdi32full.dll
0x00007ff951d40000 - 0x00007ff951ddd000 	C:\Windows\System32\msvcp_win.dll
0x00007ff938830000 - 0x00007ff938aca000 	C:\Windows\WinSxS\amd64_microsoft.windows.common-controls_6595b64144ccf1df_6.0.19041.1110_none_60b5254171f9507e\COMCTL32.dll
0x00007ff9451d0000 - 0x00007ff9451da000 	C:\Windows\SYSTEM32\VERSION.dll
0x00007ff952d50000 - 0x00007ff952d80000 	C:\Windows\System32\IMM32.DLL
0x00007ff948e20000 - 0x00007ff948e2c000 	C:\Program Files\Java\jdk-20\bin\vcruntime140_1.dll
0x00007ff92d7f0000 - 0x00007ff92d87e000 	C:\Program Files\Java\jdk-20\bin\msvcp140.dll
0x00007ff91b060000 - 0x00007ff91bcf8000 	C:\Program Files\Java\jdk-20\bin\server\jvm.dll
0x00007ff948e50000 - 0x00007ff948e59000 	C:\Windows\SYSTEM32\WSOCK32.dll
0x00007ff942320000 - 0x00007ff942347000 	C:\Windows\SYSTEM32\WINMM.dll
0x00007ff952900000 - 0x00007ff95296b000 	C:\Windows\System32\WS2_32.dll
0x00007ff94f360000 - 0x00007ff94f372000 	C:\Windows\SYSTEM32\kernel.appcore.dll
0x00007ff948e10000 - 0x00007ff948e1a000 	C:\Program Files\Java\jdk-20\bin\jimage.dll
0x00007ff941ac0000 - 0x00007ff941ca4000 	C:\Windows\SYSTEM32\DBGHELP.DLL
0x00007ff941900000 - 0x00007ff941934000 	C:\Windows\SYSTEM32\dbgcore.DLL
0x00007ff9516f0000 - 0x00007ff951772000 	C:\Windows\System32\bcryptPrimitives.dll
0x00007ff93b830000 - 0x00007ff93b856000 	C:\Program Files\Java\jdk-20\bin\java.dll

dbghelp: loaded successfully - version: 4.0.5 - missing functions: none
symbol engine: initialized successfully - sym options: 0x614 - pdb path: .;C:\Program Files\Java\jdk-20\bin;C:\Windows\SYSTEM32;C:\Windows\WinSxS\amd64_microsoft.windows.common-controls_6595b64144ccf1df_6.0.19041.1110_none_60b5254171f9507e;C:\Program Files\Java\jdk-20\bin\server

VM Arguments:
java_command: peaches.pelioficial.Pelioficial
java_class_path (initial): C:\Users\santo\Desktop\pelaas\pelioficial\target\classes;C:\Users\santo\.m2\repository\com\formdev\flatlaf\3.2.5\flatlaf-3.2.5.jar;C:\Users\santo\.m2\repository\com\formdev\flatlaf-intellij-themes\3.2.5\flatlaf-intellij-themes-3.2.5.jar;C:\Users\santo\.m2\repository\org\netbeans\external\AbsoluteLayout\RELEASE190\AbsoluteLayout-RELEASE190.jar;C:\Users\santo\.m2\repository\mysql\mysql-connector-java\8.0.23\mysql-connector-java-8.0.23.jar;C:\Users\santo\.m2\repository\com\google\protobuf\protobuf-java\3.11.4\protobuf-java-3.11.4.jar
Launcher Type: SUN_STANDARD

[Global flags]
     intx CICompilerCount                          = 3                                         {product} {ergonomic}
     uint ConcGCThreads                            = 1                                         {product} {ergonomic}
     uint G1ConcRefinementThreads                  = 4                                         {product} {ergonomic}
   size_t G1HeapRegionSize                         = 1048576                                   {product} {ergonomic}
    uintx GCDrainStackTargetSize                   = 64                                        {product} {ergonomic}
   size_t InitialHeapSize                          = 67108864                                  {product} {ergonomic}
   size_t MarkStackSize                            = 4194304                                   {product} {ergonomic}
   size_t MaxHeapSize                              = 1046478848                                {product} {ergonomic}
   size_t MinHeapDeltaBytes                        = 1048576                                   {product} {ergonomic}
   size_t MinHeapSize                              = 8388608                                   {product} {ergonomic}
    uintx NonNMethodCodeHeapSize                   = 5832780                                {pd product} {ergonomic}
    uintx NonProfiledCodeHeapSize                  = 122912730                              {pd product} {ergonomic}
    uintx ProfiledCodeHeapSize                     = 122912730                              {pd product} {ergonomic}
    uintx ReservedCodeCacheSize                    = 251658240                              {pd product} {ergonomic}
     bool SegmentedCodeCache                       = true                                      {product} {ergonomic}
   size_t SoftMaxHeapSize                          = 1046478848                             {manageable} {ergonomic}
     bool UseCompressedClassPointers               = true                           {product lp64_product} {ergonomic}
     bool UseCompressedOops                        = true                           {product lp64_product} {ergonomic}
     bool UseG1GC                                  = true                                      {product} {ergonomic}
     bool UseLargePagesIndividualAllocation        = false                                  {pd product} {ergonomic}

Logging:
Log output configuration:
 #0: stdout all=warning uptime,level,tags foldmultilines=false
 #1: stderr all=off uptime,level,tags foldmultilines=false

Environment Variables:
JAVA_HOME=C:\Program Files\Java\jdk-20
PATH=C:\Program Files\Common Files\Oracle\Java\javapath;C:\ProgramData\Oracle\Java\javapath;C:\Windows\system32;C:\Windows;C:\Windows\System32\Wbem;C:\Windows\System32\WindowsPowerShell\v1.0\;C:\Windows\System32\OpenSSH\;C:\Program Files (x86)\Rational\common;C:\Program Files\Microsoft SQL Server\Client SDK\ODBC\170\Tools\Binn\;C:\Program Files (x86)\Microsoft SQL Server\150\Tools\Binn\;C:\Program Files\Microsoft SQL Server\150\Tools\Binn\;C:\Program Files\Microsoft SQL Server\150\DTS\Binn\;C:\Program Files (x86)\Microsoft SQL Server\150\DTS\Binn\;C:\Program Files\nodejs\;C:\Program Files\dotnet\;C:\Program Files\Git\cmd;C:\Program Files (x86)\Microsoft SQL Server\160\Tools\Binn\;C:\Program Files\Microsoft SQL Server\160\Tools\Binn\;C:\Program Files\Microsoft SQL Server\160\DTS\Binn\;C:\Program Files (x86)\Microsoft SQL Server\160\DTS\Binn\;C:\Program Files\Azure Data Studio\bin;C:\Users\santo\AppData\Local\Microsoft\WindowsApps;C:\Users\santo\AppData\Local\Programs\Microsoft VS Code\bin;C:\Users\santo\AppData\Local\spicetify;C:\sqlite3;C:\Program Files\Azure Data Studio\bin;C:\Users\santo\AppData\Roaming\npm;C:\ffmpeg\bin;C:\Users\santo\.dotnet\tools;C:\Program Files\Azure Data Studio\bin
USERNAME=santo
OS=Windows_NT
PROCESSOR_IDENTIFIER=Intel64 Family 6 Model 58 Stepping 9, GenuineIntel
TMP=C:\Users\santo\AppData\Local\Temp
TEMP=C:\Users\santo\AppData\Local\Temp




---------------  S Y S T E M  ---------------

OS:
 Windows 10 , 64 bit Build 19041 (10.0.19041.3031)
OS uptime: 11 days 23:27 hours

CPU: total 4 (initial active 4) (4 cores per cpu, 1 threads per core) family 6 model 58 stepping 9 microcode 0x21, cx8, cmov, fxsr, mmx, sse, sse2, sse3, ssse3, sse4.1, sse4.2, popcnt, tsc, tscinvbit, avx, aes, erms, clmul, vzeroupper, clflush, rdtscp, f16c

Memory: 4k page, system-wide physical 3986M (338M free)
TotalPageFile size 8082M (AvailPageFile size 39M)
current process WorkingSet (physical memory assigned to process): 10M, peak: 10M
current process commit charge ("private bytes"): 51M, peak: 115M

vm_info: Java HotSpot(TM) 64-Bit Server VM (20.0.2+9-78) for windows-amd64 JRE (20.0.2+9-78), built on 2023-06-14T10:08:48Z by "mach5one" with MS VC++ 17.1 (VS2022)

END.
